<?xml version="1.0" encoding="UTF-8"?>
<testng-results skipped="0" failed="0" total="1" passed="1">
  <reporter-output>
  </reporter-output>
  <suite name="Default Suite" duration-ms="31382" started-at="2019-06-29T03:03:26Z" finished-at="2019-06-29T03:03:58Z">
    <groups>
    </groups>
    <test name="TranslocAutomation" duration-ms="31382" started-at="2019-06-29T03:03:26Z" finished-at="2019-06-29T03:03:58Z">
      <class name="automationtests.DuplicateFeed">
        <test-method status="PASS" signature="initAutomationOperations()[pri:0, instance:automationtests.DuplicateFeed@294e5088]" name="initAutomationOperations" is-config="true" duration-ms="12" started-at="2019-06-28T23:03:26Z" finished-at="2019-06-28T23:03:26Z">
          <reporter-output>
          </reporter-output>
        </test-method> <!-- initAutomationOperations -->
        <test-method status="PASS" signature="login()[pri:0, instance:automationtests.DuplicateFeed@294e5088]" name="login" duration-ms="31360" started-at="2019-06-28T23:03:26Z" finished-at="2019-06-28T23:03:58Z">
          <reporter-output>
          </reporter-output>
        </test-method> <!-- login -->
      </class> <!-- automationtests.DuplicateFeed -->
    </test> <!-- TranslocAutomation -->
  </suite> <!-- Default Suite -->
</testng-results>
