<?xml version="1.0" encoding="UTF-8"?>
<!-- Generated by org.testng.reporters.JUnitXMLReporter -->
<testsuite hostname="Steve-PC" ignored="0" name="TranslocAutomation" tests="5" failures="0" timestamp="29 Jun 2019 23:34:50 GMT" time="33.159" errors="0">
  <testcase name="homeView" time="5.835" classname="automationtests.ShareFeed"/>
  <testcase name="selectFirstOverflow" time="0.132" classname="automationtests.ShareFeed"/>
  <testcase name="selectOverflowShare" time="0.107" classname="automationtests.ShareFeed"/>
  <testcase name="confirmSharePopup" time="2.783" classname="automationtests.ShareFeed"/>
  <testcase name="shareValidation" time="24.153" classname="automationtests.ShareFeed"/>
</testsuite> <!-- TranslocAutomation -->
